[
  {
    "line": 2,
    "elements": [
      {
        "start_timestamp": "2024-01-30T08:14:07.175Z",
        "line": 4,
        "name": "To select the Women Tag",
        "description": "",
        "id": "limeroad-order;to-select-the-women-tag",
        "type": "scenario",
        "keyword": "Scenario",
        "steps": [
          {
            "result": {
              "duration": 1996268900,
              "status": "passed"
            },
            "line": 5,
            "name": "User Enter the Url \"https://www.limeroad.com/\"",
            "match": {
              "arguments": [
                {
                  "val": "\"https://www.limeroad.com/\"",
                  "offset": 19
                }
              ],
              "location": "com.step.StepClass.user_enter_the_url(java.lang.String)"
            },
            "keyword": "Given "
          },
          {
            "result": {
              "duration": 157621400,
              "status": "passed"
            },
            "line": 6,
            "name": "User click on Women Tag",
            "match": {
              "location": "com.step.StepClass.user_click_on_women_tag()"
            },
            "keyword": "When "
          }
        ],
        "tags": [
          {
            "name": "@Regression"
          },
          {
            "name": "@TCID001"
          }
        ]
      },
      {
        "start_timestamp": "2024-01-30T08:14:09.473Z",
        "line": 9,
        "name": "To select the Women button",
        "description": "",
        "id": "limeroad-order;to-select-the-women-button",
        "type": "scenario",
        "keyword": "Scenario",
        "steps": [
          {
            "result": {
              "duration": 3225940500,
              "status": "passed"
            },
            "line": 10,
            "name": "User click on Women button",
            "match": {
              "location": "com.step.StepClass.user_click_on_women_button()"
            },
            "keyword": "When "
          }
        ],
        "tags": [
          {
            "name": "@Regression"
          },
          {
            "name": "@TCID002"
          }
        ]
      },
      {
        "start_timestamp": "2024-01-30T08:14:12.707Z",
        "line": 13,
        "name": "To Select the Palazzos and Skirts",
        "description": "",
        "id": "limeroad-order;to-select-the-palazzos-and-skirts",
        "type": "scenario",
        "keyword": "Scenario",
        "steps": [
          {
            "result": {
              "duration": 3260380000,
              "status": "passed"
            },
            "line": 14,
            "name": "User Click on palazzos and Skirts",
            "match": {
              "location": "com.step.StepClass.user_click_on_palazzos_and_skirts()"
            },
            "keyword": "When "
          }
        ],
        "tags": [
          {
            "name": "@Regression"
          },
          {
            "name": "@TCID003"
          }
        ]
      },
      {
        "start_timestamp": "2024-01-30T08:14:15.972Z",
        "line": 17,
        "name": "To Select the Clora Creation",
        "description": "",
        "id": "limeroad-order;to-select-the-clora-creation",
        "type": "scenario",
        "keyword": "Scenario",
        "steps": [
          {
            "result": {
              "error_message": "org.openqa.selenium.NoSuchWindowException: no such window: target window already closed\nfrom unknown error: web view not found\n  (Session info: chrome\u003d120.0.6099.227)\nBuild info: version: \u00274.13.0\u0027, revision: \u0027ba948ece5b*\u0027\nSystem info: os.name: \u0027Windows 10\u0027, os.arch: \u0027amd64\u0027, os.version: \u002710.0\u0027, java.version: \u002717.0.1\u0027\nDriver info: org.openqa.selenium.chrome.ChromeDriver\nCommand: [eda9b3dd3050f4f609ce6d4901716afa, findElement {using\u003dxpath, value\u003d//img[@id \u003d\u002718016717\u0027]}]\nCapabilities {acceptInsecureCerts: false, browserName: chrome, browserVersion: 120.0.6099.227, chrome: {chromedriverVersion: 120.0.6099.109 (3419140ab66..., userDataDir: C:\\Users\\hemap\\AppData\\Loca...}, fedcm:accounts: true, goog:chromeOptions: {debuggerAddress: localhost:59586}, networkConnectionEnabled: false, pageLoadStrategy: normal, platformName: windows, proxy: Proxy(), se:cdp: ws://localhost:59586/devtoo..., se:cdpVersion: 120.0.6099.227, setWindowRect: true, strictFileInteractability: false, timeouts: {implicit: 0, pageLoad: 300000, script: 30000}, unhandledPromptBehavior: dismiss and notify, webauthn:extension:credBlob: true, webauthn:extension:largeBlob: true, webauthn:extension:minPinLength: true, webauthn:extension:prf: true, webauthn:virtualAuthenticators: true}\nSession ID: eda9b3dd3050f4f609ce6d4901716afa\r\n\tat java.base/jdk.internal.reflect.NativeConstructorAccessorImpl.newInstance0(Native Method)\r\n\tat java.base/jdk.internal.reflect.NativeConstructorAccessorImpl.newInstance(NativeConstructorAccessorImpl.java:77)\r\n\tat java.base/jdk.internal.reflect.DelegatingConstructorAccessorImpl.newInstance(DelegatingConstructorAccessorImpl.java:45)\r\n\tat java.base/java.lang.reflect.Constructor.newInstanceWithCaller(Constructor.java:499)\r\n\tat java.base/java.lang.reflect.Constructor.newInstance(Constructor.java:480)\r\n\tat org.openqa.selenium.remote.codec.w3c.W3CHttpResponseCodec.createException(W3CHttpResponseCodec.java:200)\r\n\tat org.openqa.selenium.remote.codec.w3c.W3CHttpResponseCodec.decode(W3CHttpResponseCodec.java:133)\r\n\tat org.openqa.selenium.remote.codec.w3c.W3CHttpResponseCodec.decode(W3CHttpResponseCodec.java:52)\r\n\tat org.openqa.selenium.remote.HttpCommandExecutor.execute(HttpCommandExecutor.java:191)\r\n\tat org.openqa.selenium.remote.service.DriverCommandExecutor.invokeExecute(DriverCommandExecutor.java:196)\r\n\tat org.openqa.selenium.remote.service.DriverCommandExecutor.execute(DriverCommandExecutor.java:171)\r\n\tat org.openqa.selenium.remote.RemoteWebDriver.execute(RemoteWebDriver.java:602)\r\n\tat org.openqa.selenium.remote.ElementLocation$ElementFinder$2.findElement(ElementLocation.java:165)\r\n\tat org.openqa.selenium.remote.ElementLocation.findElement(ElementLocation.java:59)\r\n\tat org.openqa.selenium.remote.RemoteWebDriver.findElement(RemoteWebDriver.java:359)\r\n\tat org.openqa.selenium.remote.RemoteWebDriver.findElement(RemoteWebDriver.java:353)\r\n\tat org.openqa.selenium.support.pagefactory.DefaultElementLocator.findElement(DefaultElementLocator.java:68)\r\n\tat org.openqa.selenium.support.pagefactory.internal.LocatingElementHandler.invoke(LocatingElementHandler.java:38)\r\n\tat jdk.proxy2/jdk.proxy2.$Proxy23.click(Unknown Source)\r\n\tat com.step.StepClass.user_click_on_the_clora_creation(StepClass.java:41)\r\n\tat ✽.User Click on the Clora Creation(file:///C:/Users/Public/Jdk/LimeRoad/src/test/java/com/feature/Limeroad.feature:18)\r\n",
              "duration": 3029000700,
              "status": "failed"
            },
            "line": 18,
            "name": "User Click on the Clora Creation",
            "match": {
              "location": "com.step.StepClass.user_click_on_the_clora_creation()"
            },
            "keyword": "When "
          }
        ],
        "tags": [
          {
            "name": "@Regression"
          },
          {
            "name": "@TCID004"
          }
        ]
      },
      {
        "start_timestamp": "2024-01-30T08:14:19.050Z",
        "line": 21,
        "name": "To Select the Size of the pant",
        "description": "",
        "id": "limeroad-order;to-select-the-size-of-the-pant",
        "type": "scenario",
        "keyword": "Scenario",
        "steps": [
          {
            "result": {
              "error_message": "org.openqa.selenium.NoSuchWindowException: no such window: target window already closed\nfrom unknown error: web view not found\n  (Session info: chrome\u003d120.0.6099.227)\nBuild info: version: \u00274.13.0\u0027, revision: \u0027ba948ece5b*\u0027\nSystem info: os.name: \u0027Windows 10\u0027, os.arch: \u0027amd64\u0027, os.version: \u002710.0\u0027, java.version: \u002717.0.1\u0027\nDriver info: org.openqa.selenium.chrome.ChromeDriver\nCommand: [eda9b3dd3050f4f609ce6d4901716afa, findElement {using\u003dxpath, value\u003d//span[@id \u003d \u0027size_28306531\u0027]}]\nCapabilities {acceptInsecureCerts: false, browserName: chrome, browserVersion: 120.0.6099.227, chrome: {chromedriverVersion: 120.0.6099.109 (3419140ab66..., userDataDir: C:\\Users\\hemap\\AppData\\Loca...}, fedcm:accounts: true, goog:chromeOptions: {debuggerAddress: localhost:59586}, networkConnectionEnabled: false, pageLoadStrategy: normal, platformName: windows, proxy: Proxy(), se:cdp: ws://localhost:59586/devtoo..., se:cdpVersion: 120.0.6099.227, setWindowRect: true, strictFileInteractability: false, timeouts: {implicit: 0, pageLoad: 300000, script: 30000}, unhandledPromptBehavior: dismiss and notify, webauthn:extension:credBlob: true, webauthn:extension:largeBlob: true, webauthn:extension:minPinLength: true, webauthn:extension:prf: true, webauthn:virtualAuthenticators: true}\nSession ID: eda9b3dd3050f4f609ce6d4901716afa\r\n\tat java.base/jdk.internal.reflect.NativeConstructorAccessorImpl.newInstance0(Native Method)\r\n\tat java.base/jdk.internal.reflect.NativeConstructorAccessorImpl.newInstance(NativeConstructorAccessorImpl.java:77)\r\n\tat java.base/jdk.internal.reflect.DelegatingConstructorAccessorImpl.newInstance(DelegatingConstructorAccessorImpl.java:45)\r\n\tat java.base/java.lang.reflect.Constructor.newInstanceWithCaller(Constructor.java:499)\r\n\tat java.base/java.lang.reflect.Constructor.newInstance(Constructor.java:480)\r\n\tat org.openqa.selenium.remote.codec.w3c.W3CHttpResponseCodec.createException(W3CHttpResponseCodec.java:200)\r\n\tat org.openqa.selenium.remote.codec.w3c.W3CHttpResponseCodec.decode(W3CHttpResponseCodec.java:133)\r\n\tat org.openqa.selenium.remote.codec.w3c.W3CHttpResponseCodec.decode(W3CHttpResponseCodec.java:52)\r\n\tat org.openqa.selenium.remote.HttpCommandExecutor.execute(HttpCommandExecutor.java:191)\r\n\tat org.openqa.selenium.remote.service.DriverCommandExecutor.invokeExecute(DriverCommandExecutor.java:196)\r\n\tat org.openqa.selenium.remote.service.DriverCommandExecutor.execute(DriverCommandExecutor.java:171)\r\n\tat org.openqa.selenium.remote.RemoteWebDriver.execute(RemoteWebDriver.java:602)\r\n\tat org.openqa.selenium.remote.ElementLocation$ElementFinder$2.findElement(ElementLocation.java:165)\r\n\tat org.openqa.selenium.remote.ElementLocation.findElement(ElementLocation.java:59)\r\n\tat org.openqa.selenium.remote.RemoteWebDriver.findElement(RemoteWebDriver.java:359)\r\n\tat org.openqa.selenium.remote.RemoteWebDriver.findElement(RemoteWebDriver.java:353)\r\n\tat org.openqa.selenium.support.pagefactory.DefaultElementLocator.findElement(DefaultElementLocator.java:68)\r\n\tat org.openqa.selenium.support.pagefactory.internal.LocatingElementHandler.invoke(LocatingElementHandler.java:38)\r\n\tat jdk.proxy2/jdk.proxy2.$Proxy23.click(Unknown Source)\r\n\tat com.step.StepClass.user_click_on_the_size_of_the_pant(StepClass.java:47)\r\n\tat ✽.User Click on the size of the pant(file:///C:/Users/Public/Jdk/LimeRoad/src/test/java/com/feature/Limeroad.feature:22)\r\n",
              "duration": 3021782800,
              "status": "failed"
            },
            "line": 22,
            "name": "User Click on the size of the pant",
            "match": {
              "location": "com.step.StepClass.user_click_on_the_size_of_the_pant()"
            },
            "keyword": "When "
          }
        ],
        "tags": [
          {
            "name": "@Regression"
          },
          {
            "name": "@TCID005"
          }
        ]
      },
      {
        "start_timestamp": "2024-01-30T08:14:22.078Z",
        "line": 25,
        "name": "To Select the Add to Cart",
        "description": "",
        "id": "limeroad-order;to-select-the-add-to-cart",
        "type": "scenario",
        "keyword": "Scenario",
        "steps": [
          {
            "result": {
              "error_message": "org.openqa.selenium.NoSuchWindowException: no such window: target window already closed\nfrom unknown error: web view not found\n  (Session info: chrome\u003d120.0.6099.227)\nBuild info: version: \u00274.13.0\u0027, revision: \u0027ba948ece5b*\u0027\nSystem info: os.name: \u0027Windows 10\u0027, os.arch: \u0027amd64\u0027, os.version: \u002710.0\u0027, java.version: \u002717.0.1\u0027\nDriver info: org.openqa.selenium.chrome.ChromeDriver\nCommand: [eda9b3dd3050f4f609ce6d4901716afa, findElement {using\u003dxpath, value\u003d//div[text() \u003d \u0027ADD TO CART\u0027]}]\nCapabilities {acceptInsecureCerts: false, browserName: chrome, browserVersion: 120.0.6099.227, chrome: {chromedriverVersion: 120.0.6099.109 (3419140ab66..., userDataDir: C:\\Users\\hemap\\AppData\\Loca...}, fedcm:accounts: true, goog:chromeOptions: {debuggerAddress: localhost:59586}, networkConnectionEnabled: false, pageLoadStrategy: normal, platformName: windows, proxy: Proxy(), se:cdp: ws://localhost:59586/devtoo..., se:cdpVersion: 120.0.6099.227, setWindowRect: true, strictFileInteractability: false, timeouts: {implicit: 0, pageLoad: 300000, script: 30000}, unhandledPromptBehavior: dismiss and notify, webauthn:extension:credBlob: true, webauthn:extension:largeBlob: true, webauthn:extension:minPinLength: true, webauthn:extension:prf: true, webauthn:virtualAuthenticators: true}\nSession ID: eda9b3dd3050f4f609ce6d4901716afa\r\n\tat java.base/jdk.internal.reflect.NativeConstructorAccessorImpl.newInstance0(Native Method)\r\n\tat java.base/jdk.internal.reflect.NativeConstructorAccessorImpl.newInstance(NativeConstructorAccessorImpl.java:77)\r\n\tat java.base/jdk.internal.reflect.DelegatingConstructorAccessorImpl.newInstance(DelegatingConstructorAccessorImpl.java:45)\r\n\tat java.base/java.lang.reflect.Constructor.newInstanceWithCaller(Constructor.java:499)\r\n\tat java.base/java.lang.reflect.Constructor.newInstance(Constructor.java:480)\r\n\tat org.openqa.selenium.remote.codec.w3c.W3CHttpResponseCodec.createException(W3CHttpResponseCodec.java:200)\r\n\tat org.openqa.selenium.remote.codec.w3c.W3CHttpResponseCodec.decode(W3CHttpResponseCodec.java:133)\r\n\tat org.openqa.selenium.remote.codec.w3c.W3CHttpResponseCodec.decode(W3CHttpResponseCodec.java:52)\r\n\tat org.openqa.selenium.remote.HttpCommandExecutor.execute(HttpCommandExecutor.java:191)\r\n\tat org.openqa.selenium.remote.service.DriverCommandExecutor.invokeExecute(DriverCommandExecutor.java:196)\r\n\tat org.openqa.selenium.remote.service.DriverCommandExecutor.execute(DriverCommandExecutor.java:171)\r\n\tat org.openqa.selenium.remote.RemoteWebDriver.execute(RemoteWebDriver.java:602)\r\n\tat org.openqa.selenium.remote.ElementLocation$ElementFinder$2.findElement(ElementLocation.java:165)\r\n\tat org.openqa.selenium.remote.ElementLocation.findElement(ElementLocation.java:59)\r\n\tat org.openqa.selenium.remote.RemoteWebDriver.findElement(RemoteWebDriver.java:359)\r\n\tat org.openqa.selenium.remote.RemoteWebDriver.findElement(RemoteWebDriver.java:353)\r\n\tat org.openqa.selenium.support.pagefactory.DefaultElementLocator.findElement(DefaultElementLocator.java:68)\r\n\tat org.openqa.selenium.support.pagefactory.internal.LocatingElementHandler.invoke(LocatingElementHandler.java:38)\r\n\tat jdk.proxy2/jdk.proxy2.$Proxy23.click(Unknown Source)\r\n\tat com.step.StepClass.user_click_on_the_add_to_cart_button(StepClass.java:52)\r\n\tat ✽.User Click on the Add to Cart button(file:///C:/Users/Public/Jdk/LimeRoad/src/test/java/com/feature/Limeroad.feature:26)\r\n",
              "duration": 3016792100,
              "status": "failed"
            },
            "line": 26,
            "name": "User Click on the Add to Cart button",
            "match": {
              "location": "com.step.StepClass.user_click_on_the_add_to_cart_button()"
            },
            "keyword": "When "
          }
        ],
        "tags": [
          {
            "name": "@Regression"
          },
          {
            "name": "@TCID006"
          }
        ]
      }
    ],
    "name": "Limeroad order",
    "description": "",
    "id": "limeroad-order",
    "keyword": "Feature",
    "uri": "file:src/test/java/com/feature/Limeroad.feature",
    "tags": [
      {
        "name": "@Regression",
        "type": "Tag",
        "location": {
          "line": 1,
          "column": 1
        }
      }
    ]
  }
]